===== Criando ambiente dada =====
[+] CPU=200000 MEM=512MB CMD=echo "🟢 Início do teste de escrita..."
 for i in $(seq 1 5)
 do echo "Etapa inicial $i/5"
 sleep 1
 done
 echo "😴 Dormindo por 10 segundos..."
 sleep 10
 echo "🟢 Retomando escrita..."
 for i in $(seq 1 5)
 do echo "Etapa final $i/5"
 sleep 1
 done
 echo "✅ Teste completo!"
[i] 2025-10-23 19:09:21
[+] Ambiente dada iniciado com PID 1760
[+] Log: /home/vagrant/projeto2/logs/dada.log
============================================
===== Criando ambiente dada =====
[+] CPU=200000 MEM=512MB CMD=echo "🟢 Início do teste de escrita..."
 for i in $(seq 1 5)
 do echo "Etapa inicial $i/5"
 sleep 1
 done
 echo "😴 Dormindo por 10 segundos..."
 sleep 10
 echo "🟢 Retomando escrita..."
 for i in $(seq 1 5)
 do echo "Etapa final $i/5"
 sleep 1
 done
 echo "✅ Teste completo!"
[i] 2025-10-23 19:09:23
[+] Ambiente dada iniciado com PID 1800
[+] Log: /home/vagrant/projeto2/logs/dada.log
============================================
===== Encerrando ambiente dada =====
[i] Iniciado em 2025-10-23 19:09:49
[+] PID wrapper salvo: 1800
[i] Matando todos os processos do cgroup /sys/fs/cgroup/dada
[✓] Nenhum processo restante no cgroup.
[✓] Ambiente dada completamente encerrado e porta liberada.
===============================================
