===== Criando ambiente hello =====
[+] CPU=200000 MEM=512MB CMD=python3 -m http.server 9005 --directory /home/vagrant/projeto2/scripts/hello_site
[i] 2025-10-23 18:26:41
[+] Ambiente hello iniciado com PID 8503
[+] Log: /home/vagrant/projeto2/logs/hello.log
============================================
192.168.56.1 - - [23/Oct/2025 18:26:59] "GET / HTTP/1.1" 200 -
192.168.56.1 - - [23/Oct/2025 18:27:02] "GET /site_demo/ HTTP/1.1" 200 -
192.168.56.1 - - [23/Oct/2025 18:27:02] "GET /site_demo/styles.css HTTP/1.1" 200 -
192.168.56.1 - - [23/Oct/2025 18:27:02] "GET /site_demo/app.js HTTP/1.1" 200 -
192.168.56.1 - - [23/Oct/2025 18:27:02] "GET /site_demo/logo.svg HTTP/1.1" 200 -
192.168.56.1 - - [23/Oct/2025 18:27:02] "GET /site_demo/hero.svg HTTP/1.1" 200 -
192.168.56.1 - - [23/Oct/2025 18:27:02] "GET /site_demo/favicon.svg HTTP/1.1" 200 -
===== Encerrando ambiente hello =====
[i] Iniciado em 2025-10-23 18:27:22
[+] PID wrapper salvo: 8503
[i] Matando todos os processos do cgroup /sys/fs/cgroup/hello
  → Matando PID 8509 (python3.10 python3 -m http.server 9005 --directory /home/vagrant/projeto2/scripts/hello_site )
[✓] Nenhum processo restante no cgroup.
[✓] Ambiente hello completamente encerrado e porta liberada.
===============================================
===== Criando ambiente hello =====
[+] CPU=200000 MEM=512MB CMD=python3 -m http.server 9005 --directory /home/vagrant/projeto2/scripts/hello_site
[i] 2025-10-23 18:27:28
[+] Ambiente hello iniciado com PID 8629
[+] Log: /home/vagrant/projeto2/logs/hello.log
============================================
192.168.56.1 - - [23/Oct/2025 18:27:30] "GET /site_demo/ HTTP/1.1" 304 -
192.168.56.1 - - [23/Oct/2025 18:27:30] "GET /site_demo/styles.css HTTP/1.1" 304 -
192.168.56.1 - - [23/Oct/2025 18:27:30] "GET /site_demo/hero.svg HTTP/1.1" 304 -
192.168.56.1 - - [23/Oct/2025 18:27:30] "GET /site_demo/app.js HTTP/1.1" 304 -
192.168.56.1 - - [23/Oct/2025 18:27:30] "GET /site_demo/logo.svg HTTP/1.1" 304 -
192.168.56.1 - - [23/Oct/2025 18:27:30] "GET /site_demo/favicon.svg HTTP/1.1" 304 -
192.168.56.1 - - [23/Oct/2025 18:27:45] "GET /site_demo/styles.css HTTP/1.1" 304 -
192.168.56.1 - - [23/Oct/2025 18:27:45] "GET /site_demo/app.js HTTP/1.1" 304 -
192.168.56.1 - - [23/Oct/2025 18:37:10] "GET /site_demo/ HTTP/1.1" 304 -
192.168.56.1 - - [23/Oct/2025 18:37:10] "GET /site_demo/styles.css HTTP/1.1" 304 -
192.168.56.1 - - [23/Oct/2025 18:37:10] "GET /site_demo/logo.svg HTTP/1.1" 304 -
192.168.56.1 - - [23/Oct/2025 18:37:10] "GET /site_demo/app.js HTTP/1.1" 304 -
192.168.56.1 - - [23/Oct/2025 18:37:10] "GET /site_demo/hero.svg HTTP/1.1" 304 -
192.168.56.1 - - [23/Oct/2025 18:37:10] "GET /site_demo/favicon.svg HTTP/1.1" 304 -
===== Encerrando ambiente hello =====
[i] Iniciado em 2025-10-23 18:40:29
[+] PID wrapper salvo: 8629
[i] Matando todos os processos do cgroup /sys/fs/cgroup/hello
  → Matando PID 8633 (python3.10 python3 -m http.server 9005 --directory /home/vagrant/projeto2/scripts/hello_site )
[✓] Nenhum processo restante no cgroup.
[✓] Ambiente hello completamente encerrado e porta liberada.
===============================================
===== Encerrando ambiente hello =====
[i] Iniciado em 2025-10-23 18:41:15
[!] Nenhum arquivo PID encontrado.
[!] Nenhum cgroup encontrado para hello
[✓] Ambiente hello completamente encerrado e porta liberada.
===============================================
===== Encerrando ambiente hello =====
[i] Iniciado em 2025-10-23 18:41:21
[!] Nenhum arquivo PID encontrado.
[!] Nenhum cgroup encontrado para hello
[✓] Ambiente hello completamente encerrado e porta liberada.
===============================================
===== Encerrando ambiente hello =====
[i] Iniciado em 2025-10-23 18:42:15
[!] Nenhum arquivo PID encontrado.
[!] Nenhum cgroup encontrado para hello
[✓] Ambiente hello completamente encerrado e porta liberada.
===============================================
===== Encerrando ambiente hello =====
[i] Iniciado em 2025-10-23 18:42:30
[!] Nenhum arquivo PID encontrado.
[!] Nenhum cgroup encontrado para hello
[✓] Ambiente hello completamente encerrado e porta liberada.
===============================================
===== Criando ambiente hello =====
[+] CPU=200000 MEM=512MB CMD=echo 'HELOOO';
[i] 2025-10-23 19:58:55
[+] Ambiente hello iniciado com PID 5433
[+] Log: /home/vagrant/projeto2/logs/hello.log
============================================
===== Encerrando ambiente hello =====
[i] Iniciado em 2025-10-23 19:59:04
[+] PID wrapper salvo: 5433
[i] Matando todos os processos do cgroup /sys/fs/cgroup/hello
[✓] Nenhum processo restante no cgroup.
[✓] Ambiente hello completamente encerrado e porta liberada.
===============================================
===== Criando ambiente hello =====
[+] CPU=200000 MEM=512MB CMD=echo 'Helo'
[i] 2025-10-23 19:59:14
[+] Ambiente hello iniciado com PID 5493
[+] Log: /home/vagrant/projeto2/logs/hello.log
============================================
Helo
===== Encerrando ambiente hello =====
[i] Iniciado em 2025-10-23 19:59:24
[+] PID wrapper salvo: 5493
[i] Matando todos os processos do cgroup /sys/fs/cgroup/hello
[✓] Nenhum processo restante no cgroup.
[✓] Ambiente hello completamente encerrado e porta liberada.
===============================================
===== Criando ambiente hello =====
[+] CPU=200000 MEM=512MB CMD=for i in 1 2 3; do echo Etapa \$i; sleep 1; done
[i] 2025-10-23 20:03:52
[+] Ambiente hello iniciado com PID 6105
[+] Log: /home/vagrant/projeto2/logs/hello.log
[i] Executando comando dentro do namespace...
Etapa $i
============================================
Etapa $i
Etapa $i
[✓] Comando finalizado.
===== Encerrando ambiente hello =====
[i] Iniciado em 2025-10-23 20:04:03
[+] PID wrapper salvo: 6105
[i] Matando todos os processos do cgroup /sys/fs/cgroup/hello
[✓] Nenhum processo restante no cgroup.
[✓] Ambiente hello completamente encerrado e porta liberada.
===============================================
