unshare: unshare failed: Operation not permitted
===== Criando ambiente Miguel =====
[+] CPU=500000 MEM=512MB CMD=stress --cpu 2
[+] Ambiente Miguel criado com PID 2893
[+] Log: /home/vagrant/projeto2/logs/Miguel.log
stress: info: [1] dispatching hogs: 2 cpu, 0 io, 0 vm, 0 hdd
===== Encerrando ambiente Miguel =====
[+] Encerrando processo principal PID=2893 e toda a 치rvore
[+] Matando PIDs: 2893
2897
2900
2903
2904
===== Criando ambiente Miguel =====
[+] CPU=500000 MEM=512MB CMD=stress --cpu 2
[+] Ambiente Miguel criado com PID 3243
stress: info: [1] dispatching hogs: 2 cpu, 0 io, 0 vm, 0 hdd
[+] Log: /home/vagrant/projeto2/logs/Miguel.log
===== Encerrando ambiente Miguel =====
[+] Encerrando processo principal PID=3243 e toda a 치rvore
[+] Matando PIDs: 3243
3246
3250
3253
3254
===== Criando ambiente Miguel =====
[+] CPU=500000 MEM=512MB CMD=stress --cpu 2
stress: info: [1] dispatching hogs: 2 cpu, 0 io, 0 vm, 0 hdd
[+] Ambiente Miguel criado com PID 4127
[+] Log: /home/vagrant/projeto2/logs/Miguel.log
===== Encerrando ambiente Miguel =====
[+] Encerrando processo principal PID=4127 e toda a 치rvore
[+] Matando PIDs: 4127
4130
4132
4136
4137
===== Criando ambiente Miguel =====
[+] CPU=500000 MEM=512MB CMD=stress --cpu 2
[+] Ambiente Miguel criado com PID 4767
[+] Log: /home/vagrant/projeto2/logs/Miguel.log
stress: info: [1] dispatching hogs: 2 cpu, 0 io, 0 vm, 0 hdd
===== Encerrando ambiente Miguel =====
[+] Encerrando processo principal PID=4767 e toda a 치rvore
[+] Matando PIDs: 4767
4771
4776
4777
4778
