===== Criando ambiente relogioaa =====
[+] CPU=200000 MEM=512MB CMD=bash /home/vagrant/projeto2/scripts/relogioaa_cmd.sh
[i] 2025-10-24 00:54:20
[+] Ambiente relogioaa iniciado com PID 17344
[+] Log: /home/vagrant/projeto2/logs/relogioaa.log
============================================
[i] Executando comando dentro do namespace...
Iniciando relógio digital...
🕒 00:54:20
Data: 24/10/2025
----------------------------------
🕒 00:54:21
Data: 24/10/2025
----------------------------------
🕒 00:54:22
Data: 24/10/2025
----------------------------------
🕒 00:54:23
Data: 24/10/2025
----------------------------------
🕒 00:54:24
Data: 24/10/2025
----------------------------------
🕒 00:54:25
Data: 24/10/2025
----------------------------------
🕒 00:54:26
Data: 24/10/2025
----------------------------------
🕒 00:54:27
Data: 24/10/2025
----------------------------------
🕒 00:54:28
Data: 24/10/2025
----------------------------------
🕒 00:54:29
Data: 24/10/2025
----------------------------------
🕒 00:54:30
Data: 24/10/2025
----------------------------------
🕒 00:54:31
Data: 24/10/2025
----------------------------------
🕒 00:54:32
Data: 24/10/2025
----------------------------------
🕒 00:54:33
Data: 24/10/2025
----------------------------------
🕒 00:54:34
Data: 24/10/2025
----------------------------------
🕒 00:54:35
Data: 24/10/2025
----------------------------------
🕒 00:54:36
Data: 24/10/2025
----------------------------------
🕒 00:54:37
Data: 24/10/2025
----------------------------------
🕒 00:54:38
Data: 24/10/2025
----------------------------------
🕒 00:54:39
Data: 24/10/2025
----------------------------------
🕒 00:54:40
Data: 24/10/2025
----------------------------------
🕒 00:54:41
Data: 24/10/2025
----------------------------------
🕒 00:54:42
Data: 24/10/2025
----------------------------------
🕒 00:54:43
Data: 24/10/2025
----------------------------------
🕒 00:54:44
Data: 24/10/2025
----------------------------------
🕒 00:54:45
Data: 24/10/2025
----------------------------------
🕒 00:54:46
Data: 24/10/2025
----------------------------------
