===== Criando ambiente stress90 =====
[+] CPU=900000 MEM=512MB CMD=stress --cpu 1
[+] Ambiente stress90 criado com PID 8723
[+] Log: /home/vagrant/projeto2/logs/stress90.log
1
stress: info: [1] dispatching hogs: 1 cpu, 0 io, 0 vm, 0 hdd
===== Encerrando ambiente stress90 =====
[+] Encerrando processo principal PID=8723 e toda a árvore
[+] Matando PIDs: 8723
8726
8729
8733
===== Criando ambiente stress90 =====
[+] CPU=900000 MEM=512MB CMD=stress --cpu 2
[+] Ambiente stress90 criado com PID 9757
[+] Log: /home/vagrant/projeto2/logs/stress90.log
1
stress: info: [1] dispatching hogs: 2 cpu, 0 io, 0 vm, 0 hdd
===== Encerrando ambiente stress90 =====
[+] Encerrando processo principal PID=9757 e toda a árvore
[+] Matando PIDs: 9757
9762
9763
9767
9768
===== Criando ambiente stress90 =====
[+] CPU=900000 MEM=512MB CMD=stress --cpu 2
[+] Ambiente stress90 criado com PID 9892
[+] Log: /home/vagrant/projeto2/logs/stress90.log
1
stress: info: [1] dispatching hogs: 2 cpu, 0 io, 0 vm, 0 hdd
===== Encerrando ambiente stress90 =====
[+] Encerrando processo principal PID=9892 e toda a árvore
[+] Matando PIDs: 9892
9897
9898
9902
9903
