===== Criando ambiente stress =====
[+] CPU=200000 MEM=512MB CMD=stress --cpu 1
[i] 2025-10-23 23:53:10
[+] Ambiente stress iniciado com PID 5339
[+] Log: /home/vagrant/projeto2/logs/stress.log
============================================
[i] Executando comando dentro do namespace...
stress: info: [5349] dispatching hogs: 1 cpu, 0 io, 0 vm, 0 hdd
===== Encerrando ambiente stress =====
[i] Iniciado em 2025-10-23 23:53:22
[+] PID wrapper salvo: 5339
[i] Matando todos os processos do cgroup /sys/fs/cgroup/stress
  → Matando PID 5339 (bash bash -c 
    echo $$ > '/tmp/stress.pid'
    echo $$ | sudo tee '/sys/fs/cgroup/stress/cgroup.procs' >/dev/null
    echo '[i] Executando comando dentro do namespace...' >> '/home/vagrant/projeto2/logs/stress.log'
    stress --cpu 1 >> '/home/vagrant/projeto2/logs/stress.log' 2>&1
    echo '[✓] Comando finalizado.' >> '/home/vagrant/projeto2/logs/stress.log'
   )
  → Matando PID 5349 (stress stress --cpu 1 )
[!] 1 processos ainda ativos — forçando remoção direta.
[i] cgroup ocupado, será limpo depois.
[✓] Ambiente stress completamente encerrado e porta liberada.
===============================================
===== Criando ambiente stress =====
[+] CPU=200000 MEM=512MB CMD=stress --cpu 1
[i] 2025-10-23 23:58:55
[+] Ambiente stress iniciado com PID 6038
[+] Log: /home/vagrant/projeto2/logs/stress.log
============================================
[i] Executando comando dentro do namespace...
stress: info: [6048] dispatching hogs: 1 cpu, 0 io, 0 vm, 0 hdd
===== Encerrando ambiente stress =====
[i] Iniciado em 2025-10-23 23:59:29
[+] PID wrapper salvo: 6038
[i] Matando todos os processos do cgroup /sys/fs/cgroup/stress
  → Matando PID 6038 (bash bash -c 
    echo $$ > '/tmp/stress.pid'
    echo $$ | sudo tee '/sys/fs/cgroup/stress/cgroup.procs' >/dev/null
    echo '[i] Executando comando dentro do namespace...' >> '/home/vagrant/projeto2/logs/stress.log'
    stress --cpu 1 >> '/home/vagrant/projeto2/logs/stress.log' 2>&1
    echo '[✓] Comando finalizado.' >> '/home/vagrant/projeto2/logs/stress.log'
   )
  → Matando PID 6048 (stress stress --cpu 1 )
  → Matando PID 6049 (stress stress --cpu 1 )
[!] 3 processos ainda ativos — forçando remoção direta.
[i] cgroup ocupado, será limpo depois.
[i] Matando wrapper 6038 (fora do namespace)
[✓] Ambiente stress completamente encerrado e porta liberada.
===============================================
===== Criando ambiente stress =====
[+] CPU=200000 MEM=512MB CMD=stress --cpu 1
[i] 2025-10-24 00:44:10
[+] Ambiente stress iniciado com PID 16127
[+] Log: /home/vagrant/projeto2/logs/stress.log
============================================
[i] Executando comando dentro do namespace...
stress: info: [16137] dispatching hogs: 1 cpu, 0 io, 0 vm, 0 hdd
===== Encerrando ambiente stress =====
[i] Iniciado em 2025-10-24 00:45:12
[+] PID wrapper salvo: 16127
[i] Matando todos os processos do cgroup /sys/fs/cgroup/stress
  → Matando PID 16127 (bash bash -c 
    echo $$ > '/tmp/stress.pid'
    echo $$ | sudo tee '/sys/fs/cgroup/stress/cgroup.procs' >/dev/null
    echo '[i] Executando comando dentro do namespace...' >> '/home/vagrant/projeto2/logs/stress.log'
    stress --cpu 1 >> '/home/vagrant/projeto2/logs/stress.log' 2>&1
    echo '[✓] Comando finalizado.' >> '/home/vagrant/projeto2/logs/stress.log'
   )
  → Matando PID 16138 (stress stress --cpu 1 )
stress: FAIL: [16137] (416) <-- worker 16138 got signal 15
stress: WARN: [16137] (418) now reaping child worker processes
stress: FAIL: [16137] (422) kill error: No such process
stress: FAIL: [16137] (452) failed run completed in 63s
[✓] Nenhum processo restante no cgroup.
[✓] Ambiente stress completamente encerrado e porta liberada.
===============================================
