===== Criando ambiente stress10 =====
[+] CPU=100000 MEM=512MB CMD=stress --cpu 1
[+] Ambiente stress10 criado com PID 8210
[+] Log: /home/vagrant/projeto2/logs/stress10.log
1
stress: info: [1] dispatching hogs: 1 cpu, 0 io, 0 vm, 0 hdd
===== Encerrando ambiente stress10 =====
[+] Encerrando processo principal PID=8210 e toda a árvore
[+] Matando PIDs: 8210
8215
8216
8220
===== Criando ambiente stress10 =====
[+] CPU=100000 MEM=512MB CMD=stress --cpu 2
[+] Ambiente stress10 criado com PID 9952
[+] Log: /home/vagrant/projeto2/logs/stress10.log
1
stress: info: [1] dispatching hogs: 2 cpu, 0 io, 0 vm, 0 hdd
===== Encerrando ambiente stress10 =====
[+] Encerrando processo principal PID=9952 e toda a árvore
[+] Matando PIDs: 9952
9957
9958
9962
9963
